# JRE version: OpenJDK Runtime Environment (21.0.3) (build 21.0.3+-12282718-b509.11)
# Java VM: OpenJDK 64-Bit Server VM (21.0.3+-12282718-b509.11, mixed mode, tiered, compressed oops, compressed class ptrs, g1 gc, windows-amd64)
GC Precious Log:
 CardTable entry size: 512
 Card Set container configuration: InlinePtr #cards 5 size 8 Array Of Cards #cards 12 size 40 Howl #buckets 4 coarsen threshold 1843 Howl Bitmap #cards 512 size 80 coarsen threshold 460 Card regions per heap region 1 cards per card region 2048
 CPUs: 8 total, 8 available
 Memory: 7934M
 Large Page Support: Disabled
 NUMA Support: Disabled
 Compressed Oops: Enabled (32-bit)
 Heap Region Size: 1M
 Heap Min Capacity: 8M
 Heap Initial Capacity: 124M
 Heap Max Capacity: 2G
 Pre-touch: Disabled
 Parallel Workers: 8
 Concurrent Workers: 2
 Concurrent Refinement Workers: 8
 Periodic GC: Disabled
Heap:
 garbage-first heap   total 281600K, used 193168K [0x0000000080000000, 0x0000000100000000)
  region size 1024K, 36 young (36864K), 12 survivors (12288K)
 Metaspace       used 117763K, committed 119936K, reserved 1179648K
  class space    used 15868K, committed 16960K, reserved 1048576K
GC Heap History (20 events):
Event: 31.106 GC heap before
{Heap before GC invocations=39 (full 0):
 garbage-first heap   total 204800K, used 188344K [0x0000000080000000, 0x0000000100000000)
  region size 1024K, 52 young (53248K), 5 survivors (5120K)
 Metaspace       used 102176K, committed 104320K, reserved 1179648K
  class space    used 14065K, committed 15168K, reserved 1048576K
}
Event: 31.113 GC heap after
{Heap after GC invocations=40 (full 0):
 garbage-first heap   total 204800K, used 142609K [0x0000000080000000, 0x0000000100000000)
  region size 1024K, 5 young (5120K), 5 survivors (5120K)
 Metaspace       used 102176K, committed 104320K, reserved 1179648K
  class space    used 14065K, committed 15168K, reserved 1048576K
}
Event: 35.491 GC heap before
{Heap before GC invocations=41 (full 0):
 garbage-first heap   total 240640K, used 185617K [0x0000000080000000, 0x0000000100000000)
  region size 1024K, 47 young (48128K), 5 survivors (5120K)
 Metaspace       used 102176K, committed 104320K, reserved 1179648K
  class space    used 14065K, committed 15168K, reserved 1048576K
}
Event: 35.496 GC heap after
{Heap after GC invocations=42 (full 0):
 garbage-first heap   total 240640K, used 144257K [0x0000000080000000, 0x0000000100000000)
  region size 1024K, 4 young (4096K), 4 survivors (4096K)
 Metaspace       used 102176K, committed 104320K, reserved 1179648K
  class space    used 14065K, committed 15168K, reserved 1048576K
}
Event: 37.830 GC heap before
{Heap before GC invocations=42 (full 0):
 garbage-first heap   total 240640K, used 214913K [0x0000000080000000, 0x0000000100000000)
  region size 1024K, 73 young (74752K), 4 survivors (4096K)
 Metaspace       used 102176K, committed 104320K, reserved 1179648K
  class space    used 14065K, committed 15168K, reserved 1048576K
}
Event: 37.839 GC heap after
{Heap after GC invocations=43 (full 0):
 garbage-first heap   total 240640K, used 146227K [0x0000000080000000, 0x0000000100000000)
  region size 1024K, 8 young (8192K), 8 survivors (8192K)
 Metaspace       used 102176K, committed 104320K, reserved 1179648K
  class space    used 14065K, committed 15168K, reserved 1048576K
}
Event: 39.507 GC heap before
{Heap before GC invocations=43 (full 0):
 garbage-first heap   total 240640K, used 217907K [0x0000000080000000, 0x0000000100000000)
  region size 1024K, 78 young (79872K), 8 survivors (8192K)
 Metaspace       used 102178K, committed 104320K, reserved 1179648K
  class space    used 14065K, committed 15168K, reserved 1048576K
}
Event: 39.515 GC heap after
{Heap after GC invocations=44 (full 0):
 garbage-first heap   total 240640K, used 150011K [0x0000000080000000, 0x0000000100000000)
  region size 1024K, 6 young (6144K), 6 survivors (6144K)
 Metaspace       used 102178K, committed 104320K, reserved 1179648K
  class space    used 14065K, committed 15168K, reserved 1048576K
}
Event: 40.533 GC heap before
{Heap before GC invocations=44 (full 0):
 garbage-first heap   total 240640K, used 219643K [0x0000000080000000, 0x0000000100000000)
  region size 1024K, 74 young (75776K), 6 survivors (6144K)
 Metaspace       used 102178K, committed 104320K, reserved 1179648K
  class space    used 14065K, committed 15168K, reserved 1048576K
}
Event: 40.539 GC heap after
{Heap after GC invocations=45 (full 0):
 garbage-first heap   total 240640K, used 152753K [0x0000000080000000, 0x0000000100000000)
  region size 1024K, 6 young (6144K), 6 survivors (6144K)
 Metaspace       used 102178K, committed 104320K, reserved 1179648K
  class space    used 14065K, committed 15168K, reserved 1048576K
}
Event: 41.252 GC heap before
{Heap before GC invocations=46 (full 0):
 garbage-first heap   total 266240K, used 220337K [0x0000000080000000, 0x0000000100000000)
  region size 1024K, 72 young (73728K), 6 survivors (6144K)
 Metaspace       used 102178K, committed 104320K, reserved 1179648K
  class space    used 14065K, committed 15168K, reserved 1048576K
}
Event: 41.260 GC heap after
{Heap after GC invocations=47 (full 0):
 garbage-first heap   total 266240K, used 156776K [0x0000000080000000, 0x0000000100000000)
  region size 1024K, 7 young (7168K), 7 survivors (7168K)
 Metaspace       used 102178K, committed 104320K, reserved 1179648K
  class space    used 14065K, committed 15168K, reserved 1048576K
}
Event: 42.226 GC heap before
{Heap before GC invocations=47 (full 0):
 garbage-first heap   total 266240K, used 242792K [0x0000000080000000, 0x0000000100000000)
  region size 1024K, 91 young (93184K), 7 survivors (7168K)
 Metaspace       used 102178K, committed 104320K, reserved 1179648K
  class space    used 14065K, committed 15168K, reserved 1048576K
}
Event: 42.237 GC heap after
{Heap after GC invocations=48 (full 0):
 garbage-first heap   total 266240K, used 158378K [0x0000000080000000, 0x0000000100000000)
  region size 1024K, 10 young (10240K), 10 survivors (10240K)
 Metaspace       used 102178K, committed 104320K, reserved 1179648K
  class space    used 14065K, committed 15168K, reserved 1048576K
}
Event: 42.771 GC heap before
{Heap before GC invocations=48 (full 0):
 garbage-first heap   total 266240K, used 190122K [0x0000000080000000, 0x0000000100000000)
  region size 1024K, 43 young (44032K), 10 survivors (10240K)
 Metaspace       used 102939K, committed 105088K, reserved 1179648K
  class space    used 14132K, committed 15232K, reserved 1048576K
}
Event: 42.778 GC heap after
{Heap after GC invocations=49 (full 0):
 garbage-first heap   total 266240K, used 161362K [0x0000000080000000, 0x0000000100000000)
  region size 1024K, 9 young (9216K), 9 survivors (9216K)
 Metaspace       used 102939K, committed 105088K, reserved 1179648K
  class space    used 14132K, committed 15232K, reserved 1048576K
}
Event: 44.570 GC heap before
{Heap before GC invocations=50 (full 0):
 garbage-first heap   total 281600K, used 242258K [0x0000000080000000, 0x0000000100000000)
  region size 1024K, 87 young (89088K), 9 survivors (9216K)
 Metaspace       used 111825K, committed 113984K, reserved 1179648K
  class space    used 15313K, committed 16384K, reserved 1048576K
}
Event: 44.579 GC heap after
{Heap after GC invocations=51 (full 0):
 garbage-first heap   total 281600K, used 163752K [0x0000000080000000, 0x0000000100000000)
  region size 1024K, 8 young (8192K), 8 survivors (8192K)
 Metaspace       used 111825K, committed 113984K, reserved 1179648K
  class space    used 15313K, committed 16384K, reserved 1048576K
}
Event: 46.563 GC heap before
{Heap before GC invocations=51 (full 0):
 garbage-first heap   total 281600K, used 261032K [0x0000000080000000, 0x0000000100000000)
  region size 1024K, 99 young (101376K), 8 survivors (8192K)
 Metaspace       used 115908K, committed 118144K, reserved 1179648K
  class space    used 15640K, committed 16704K, reserved 1048576K
}
Event: 46.574 GC heap after
{Heap after GC invocations=52 (full 0):
 garbage-first heap   total 281600K, used 169616K [0x0000000080000000, 0x0000000100000000)
  region size 1024K, 12 young (12288K), 12 survivors (12288K)
 Metaspace       used 115908K, committed 118144K, reserved 1179648K
  class space    used 15640K, committed 16704K, reserved 1048576K
}

