# JRE version: OpenJDK Runtime Environment (21.0.3) (build 21.0.3+-12282718-b509.11)
# Java VM: OpenJDK 64-Bit Server VM (21.0.3+-12282718-b509.11, mixed mode, tiered, compressed oops, compressed class ptrs, g1 gc, windows-amd64)
GC Precious Log:
 CardTable entry size: 512
 Card Set container configuration: InlinePtr #cards 5 size 8 Array Of Cards #cards 12 size 40 Howl #buckets 4 coarsen threshold 1843 Howl Bitmap #cards 512 size 80 coarsen threshold 460 Card regions per heap region 1 cards per card region 2048
 CPUs: 8 total, 8 available
 Memory: 7934M
 Large Page Support: Disabled
 NUMA Support: Disabled
 Compressed Oops: Enabled (32-bit)
 Heap Region Size: 1M
 Heap Min Capacity: 8M
 Heap Initial Capacity: 124M
 Heap Max Capacity: 2G
 Pre-touch: Disabled
 Parallel Workers: 8
 Concurrent Workers: 2
 Concurrent Refinement Workers: 8
 Periodic GC: Disabled
Heap:
 garbage-first heap   total 157696K, used 118784K [0x0000000080000000, 0x0000000100000000)
  region size 1024K, 13 young (13312K), 3 survivors (3072K)
 Metaspace       used 87549K, committed 89472K, reserved 1179648K
  class space    used 11859K, committed 12800K, reserved 1048576K
GC Heap History (20 events):
Event: 15.727 GC heap before
{Heap before GC invocations=22 (full 0):
 garbage-first heap   total 138240K, used 116072K [0x0000000080000000, 0x0000000100000000)
  region size 1024K, 41 young (41984K), 2 survivors (2048K)
 Metaspace       used 66277K, committed 67904K, reserved 1114112K
  class space    used 9045K, committed 9856K, reserved 1048576K
}
Event: 15.732 GC heap after
{Heap after GC invocations=23 (full 0):
 garbage-first heap   total 138240K, used 78103K [0x0000000080000000, 0x0000000100000000)
  region size 1024K, 4 young (4096K), 4 survivors (4096K)
 Metaspace       used 66277K, committed 67904K, reserved 1114112K
  class space    used 9045K, committed 9856K, reserved 1048576K
}
Event: 16.522 GC heap before
{Heap before GC invocations=24 (full 0):
 garbage-first heap   total 138240K, used 119063K [0x0000000080000000, 0x0000000100000000)
  region size 1024K, 44 young (45056K), 4 survivors (4096K)
 Metaspace       used 70484K, committed 72256K, reserved 1114112K
  class space    used 9742K, committed 10624K, reserved 1048576K
}
Event: 16.531 GC heap after
{Heap after GC invocations=25 (full 0):
 garbage-first heap   total 138240K, used 80761K [0x0000000080000000, 0x0000000100000000)
  region size 1024K, 6 young (6144K), 6 survivors (6144K)
 Metaspace       used 70484K, committed 72256K, reserved 1114112K
  class space    used 9742K, committed 10624K, reserved 1048576K
}
Event: 20.198 GC heap before
{Heap before GC invocations=25 (full 0):
 garbage-first heap   total 138240K, used 120697K [0x0000000080000000, 0x0000000100000000)
  region size 1024K, 46 young (47104K), 6 survivors (6144K)
 Metaspace       used 78181K, committed 79936K, reserved 1179648K
  class space    used 10725K, committed 11584K, reserved 1048576K
}
Event: 20.207 GC heap after
{Heap after GC invocations=26 (full 0):
 garbage-first heap   total 138240K, used 84292K [0x0000000080000000, 0x0000000100000000)
  region size 1024K, 6 young (6144K), 6 survivors (6144K)
 Metaspace       used 78181K, committed 79936K, reserved 1179648K
  class space    used 10725K, committed 11584K, reserved 1048576K
}
Event: 21.726 GC heap before
{Heap before GC invocations=26 (full 0):
 garbage-first heap   total 138240K, used 122180K [0x0000000080000000, 0x0000000100000000)
  region size 1024K, 44 young (45056K), 6 survivors (6144K)
 Metaspace       used 78765K, committed 80512K, reserved 1179648K
  class space    used 10747K, committed 11584K, reserved 1048576K
}
Event: 21.736 GC heap after
{Heap after GC invocations=27 (full 0):
 garbage-first heap   total 138240K, used 89832K [0x0000000080000000, 0x0000000100000000)
  region size 1024K, 5 young (5120K), 5 survivors (5120K)
 Metaspace       used 78765K, committed 80512K, reserved 1179648K
  class space    used 10747K, committed 11584K, reserved 1048576K
}
Event: 22.744 GC heap before
{Heap before GC invocations=28 (full 0):
 garbage-first heap   total 155648K, used 122600K [0x0000000080000000, 0x0000000100000000)
  region size 1024K, 38 young (38912K), 5 survivors (5120K)
 Metaspace       used 78899K, committed 80640K, reserved 1179648K
  class space    used 10747K, committed 11584K, reserved 1048576K
}
Event: 22.750 GC heap after
{Heap after GC invocations=29 (full 0):
 garbage-first heap   total 155648K, used 91198K [0x0000000080000000, 0x0000000100000000)
  region size 1024K, 4 young (4096K), 4 survivors (4096K)
 Metaspace       used 78899K, committed 80640K, reserved 1179648K
  class space    used 10747K, committed 11584K, reserved 1048576K
}
Event: 23.868 GC heap before
{Heap before GC invocations=29 (full 0):
 garbage-first heap   total 155648K, used 137278K [0x0000000080000000, 0x0000000100000000)
  region size 1024K, 50 young (51200K), 4 survivors (4096K)
 Metaspace       used 78913K, committed 80640K, reserved 1179648K
  class space    used 10748K, committed 11584K, reserved 1048576K
}
Event: 23.874 GC heap after
{Heap after GC invocations=30 (full 0):
 garbage-first heap   total 155648K, used 90577K [0x0000000080000000, 0x0000000100000000)
  region size 1024K, 5 young (5120K), 5 survivors (5120K)
 Metaspace       used 78913K, committed 80640K, reserved 1179648K
  class space    used 10748K, committed 11584K, reserved 1048576K
}
Event: 24.218 GC heap before
{Heap before GC invocations=30 (full 0):
 garbage-first heap   total 155648K, used 103889K [0x0000000080000000, 0x0000000100000000)
  region size 1024K, 20 young (20480K), 5 survivors (5120K)
 Metaspace       used 79054K, committed 80896K, reserved 1179648K
  class space    used 10768K, committed 11648K, reserved 1048576K
}
Event: 24.222 GC heap after
{Heap after GC invocations=31 (full 0):
 garbage-first heap   total 155648K, used 91118K [0x0000000080000000, 0x0000000100000000)
  region size 1024K, 5 young (5120K), 5 survivors (5120K)
 Metaspace       used 79054K, committed 80896K, reserved 1179648K
  class space    used 10768K, committed 11648K, reserved 1048576K
}
Event: 28.613 GC heap before
{Heap before GC invocations=32 (full 0):
 garbage-first heap   total 157696K, used 145390K [0x0000000080000000, 0x0000000100000000)
  region size 1024K, 52 young (53248K), 5 survivors (5120K)
 Metaspace       used 82246K, committed 84032K, reserved 1179648K
  class space    used 11183K, committed 12096K, reserved 1048576K
}
Event: 28.620 GC heap after
{Heap after GC invocations=33 (full 0):
 garbage-first heap   total 157696K, used 103346K [0x0000000080000000, 0x0000000100000000)
  region size 1024K, 7 young (7168K), 7 survivors (7168K)
 Metaspace       used 82246K, committed 84032K, reserved 1179648K
  class space    used 11183K, committed 12096K, reserved 1048576K
}
Event: 29.499 GC heap before
{Heap before GC invocations=33 (full 0):
 garbage-first heap   total 157696K, used 141234K [0x0000000080000000, 0x0000000100000000)
  region size 1024K, 44 young (45056K), 7 survivors (7168K)
 Metaspace       used 86369K, committed 88256K, reserved 1179648K
  class space    used 11686K, committed 12608K, reserved 1048576K
}
Event: 29.505 GC heap after
{Heap after GC invocations=34 (full 0):
 garbage-first heap   total 157696K, used 104093K [0x0000000080000000, 0x0000000100000000)
  region size 1024K, 2 young (2048K), 2 survivors (2048K)
 Metaspace       used 86369K, committed 88256K, reserved 1179648K
  class space    used 11686K, committed 12608K, reserved 1048576K
}
Event: 29.767 GC heap before
{Heap before GC invocations=34 (full 0):
 garbage-first heap   total 157696K, used 117405K [0x0000000080000000, 0x0000000100000000)
  region size 1024K, 16 young (16384K), 2 survivors (2048K)
 Metaspace       used 87541K, committed 89472K, reserved 1179648K
  class space    used 11859K, committed 12800K, reserved 1048576K
}
Event: 29.771 GC heap after
{Heap after GC invocations=35 (full 0):
 garbage-first heap   total 157696K, used 105472K [0x0000000080000000, 0x0000000100000000)
  region size 1024K, 3 young (3072K), 3 survivors (3072K)
 Metaspace       used 87541K, committed 89472K, reserved 1179648K
  class space    used 11859K, committed 12800K, reserved 1048576K
}

