# JRE version: OpenJDK Runtime Environment (21.0.3) (build 21.0.3+-12282718-b509.11)
# Java VM: OpenJDK 64-Bit Server VM (21.0.3+-12282718-b509.11, mixed mode, tiered, compressed oops, compressed class ptrs, g1 gc, windows-amd64)
GC Precious Log:
 CardTable entry size: 512
 Card Set container configuration: InlinePtr #cards 5 size 8 Array Of Cards #cards 12 size 40 Howl #buckets 4 coarsen threshold 1843 Howl Bitmap #cards 512 size 80 coarsen threshold 460 Card regions per heap region 1 cards per card region 2048
 CPUs: 8 total, 8 available
 Memory: 7934M
 Large Page Support: Disabled
 NUMA Support: Disabled
 Compressed Oops: Enabled (32-bit)
 Heap Region Size: 1M
 Heap Min Capacity: 8M
 Heap Initial Capacity: 124M
 Heap Max Capacity: 2G
 Pre-touch: Disabled
 Parallel Workers: 8
 Concurrent Workers: 2
 Concurrent Refinement Workers: 8
 Periodic GC: Disabled
Heap:
 garbage-first heap   total 207872K, used 143922K [0x0000000080000000, 0x0000000100000000)
  region size 1024K, 11 young (11264K), 6 survivors (6144K)
 Metaspace       used 102271K, committed 104448K, reserved 1179648K
  class space    used 14079K, committed 15168K, reserved 1048576K
GC Heap History (20 events):
Event: 16.189 GC heap before
{Heap before GC invocations=26 (full 0):
 garbage-first heap   total 140288K, used 126242K [0x0000000080000000, 0x0000000100000000)
  region size 1024K, 44 young (45056K), 4 survivors (4096K)
 Metaspace       used 72467K, committed 74176K, reserved 1114112K
  class space    used 9935K, committed 10816K, reserved 1048576K
}
Event: 16.195 GC heap after
{Heap after GC invocations=27 (full 0):
 garbage-first heap   total 140288K, used 87801K [0x0000000080000000, 0x0000000100000000)
  region size 1024K, 4 young (4096K), 4 survivors (4096K)
 Metaspace       used 72467K, committed 74176K, reserved 1114112K
  class space    used 9935K, committed 10816K, reserved 1048576K
}
Event: 16.772 GC heap before
{Heap before GC invocations=28 (full 0):
 garbage-first heap   total 155648K, used 125689K [0x0000000080000000, 0x0000000100000000)
  region size 1024K, 42 young (43008K), 4 survivors (4096K)
 Metaspace       used 72574K, committed 74432K, reserved 1114112K
  class space    used 9952K, committed 10880K, reserved 1048576K
}
Event: 16.778 GC heap after
{Heap after GC invocations=29 (full 0):
 garbage-first heap   total 155648K, used 88994K [0x0000000080000000, 0x0000000100000000)
  region size 1024K, 4 young (4096K), 4 survivors (4096K)
 Metaspace       used 72574K, committed 74432K, reserved 1114112K
  class space    used 9952K, committed 10880K, reserved 1048576K
}
Event: 17.888 GC heap before
{Heap before GC invocations=29 (full 0):
 garbage-first heap   total 155648K, used 148386K [0x0000000080000000, 0x0000000100000000)
  region size 1024K, 56 young (57344K), 4 survivors (4096K)
 Metaspace       used 76226K, committed 78016K, reserved 1179648K
  class space    used 10409K, committed 11328K, reserved 1048576K
}
Event: 17.895 GC heap after
{Heap after GC invocations=30 (full 0):
 garbage-first heap   total 161792K, used 100069K [0x0000000080000000, 0x0000000100000000)
  region size 1024K, 7 young (7168K), 7 survivors (7168K)
 Metaspace       used 76226K, committed 78016K, reserved 1179648K
  class space    used 10409K, committed 11328K, reserved 1048576K
}
Event: 18.612 GC heap before
{Heap before GC invocations=30 (full 0):
 garbage-first heap   total 161792K, used 145125K [0x0000000080000000, 0x0000000100000000)
  region size 1024K, 51 young (52224K), 7 survivors (7168K)
 Metaspace       used 81009K, committed 82944K, reserved 1179648K
  class space    used 11043K, committed 12032K, reserved 1048576K
}
Event: 18.618 GC heap after
{Heap after GC invocations=31 (full 0):
 garbage-first heap   total 161792K, used 103950K [0x0000000080000000, 0x0000000100000000)
  region size 1024K, 3 young (3072K), 3 survivors (3072K)
 Metaspace       used 81009K, committed 82944K, reserved 1179648K
  class space    used 11043K, committed 12032K, reserved 1048576K
}
Event: 19.993 GC heap before
{Heap before GC invocations=32 (full 0):
 garbage-first heap   total 176128K, used 153102K [0x0000000080000000, 0x0000000100000000)
  region size 1024K, 46 young (47104K), 3 survivors (3072K)
 Metaspace       used 84308K, committed 86336K, reserved 1179648K
  class space    used 11478K, committed 12480K, reserved 1048576K
}
Event: 19.999 GC heap after
{Heap after GC invocations=33 (full 0):
 garbage-first heap   total 176128K, used 108517K [0x0000000080000000, 0x0000000100000000)
  region size 1024K, 6 young (6144K), 6 survivors (6144K)
 Metaspace       used 84308K, committed 86336K, reserved 1179648K
  class space    used 11478K, committed 12480K, reserved 1048576K
}
Event: 21.258 GC heap before
{Heap before GC invocations=33 (full 0):
 garbage-first heap   total 176128K, used 159717K [0x0000000080000000, 0x0000000100000000)
  region size 1024K, 56 young (57344K), 6 survivors (6144K)
 Metaspace       used 87453K, committed 89408K, reserved 1179648K
  class space    used 11865K, committed 12864K, reserved 1048576K
}
Event: 21.268 GC heap after
{Heap after GC invocations=34 (full 0):
 garbage-first heap   total 176128K, used 112329K [0x0000000080000000, 0x0000000100000000)
  region size 1024K, 6 young (6144K), 6 survivors (6144K)
 Metaspace       used 87453K, committed 89408K, reserved 1179648K
  class space    used 11865K, committed 12864K, reserved 1048576K
}
Event: 21.900 GC heap before
{Heap before GC invocations=34 (full 0):
 garbage-first heap   total 176128K, used 142025K [0x0000000080000000, 0x0000000100000000)
  region size 1024K, 36 young (36864K), 6 survivors (6144K)
 Metaspace       used 89708K, committed 91712K, reserved 1179648K
  class space    used 12181K, committed 13184K, reserved 1048576K
}
Event: 21.908 GC heap after
{Heap after GC invocations=35 (full 0):
 garbage-first heap   total 176128K, used 114015K [0x0000000080000000, 0x0000000100000000)
  region size 1024K, 2 young (2048K), 2 survivors (2048K)
 Metaspace       used 89708K, committed 91712K, reserved 1179648K
  class space    used 12181K, committed 13184K, reserved 1048576K
}
Event: 23.388 GC heap before
{Heap before GC invocations=36 (full 0):
 garbage-first heap   total 196608K, used 163167K [0x0000000080000000, 0x0000000100000000)
  region size 1024K, 49 young (50176K), 2 survivors (2048K)
 Metaspace       used 93476K, committed 95488K, reserved 1179648K
  class space    used 12851K, committed 13888K, reserved 1048576K
}
Event: 23.393 GC heap after
{Heap after GC invocations=37 (full 0):
 garbage-first heap   total 196608K, used 115165K [0x0000000080000000, 0x0000000100000000)
  region size 1024K, 3 young (3072K), 3 survivors (3072K)
 Metaspace       used 93476K, committed 95488K, reserved 1179648K
  class space    used 12851K, committed 13888K, reserved 1048576K
}
Event: 25.111 GC heap before
{Heap before GC invocations=37 (full 0):
 garbage-first heap   total 196608K, used 195037K [0x0000000080000000, 0x0000000100000000)
  region size 1024K, 68 young (69632K), 3 survivors (3072K)
 Metaspace       used 100050K, committed 102208K, reserved 1179648K
  class space    used 13787K, committed 14848K, reserved 1048576K
}
Event: 25.127 GC heap after
{Heap after GC invocations=38 (full 0):
 garbage-first heap   total 207872K, used 134431K [0x0000000080000000, 0x0000000100000000)
  region size 1024K, 9 young (9216K), 9 survivors (9216K)
 Metaspace       used 100050K, committed 102208K, reserved 1179648K
  class space    used 13787K, committed 14848K, reserved 1048576K
}
Event: 27.371 GC heap before
{Heap before GC invocations=38 (full 0):
 garbage-first heap   total 207872K, used 185631K [0x0000000080000000, 0x0000000100000000)
  region size 1024K, 60 young (61440K), 9 survivors (9216K)
 Metaspace       used 102271K, committed 104448K, reserved 1179648K
  class space    used 14079K, committed 15168K, reserved 1048576K
}
Event: 27.384 GC heap after
{Heap after GC invocations=39 (full 0):
 garbage-first heap   total 207872K, used 139826K [0x0000000080000000, 0x0000000100000000)
  region size 1024K, 6 young (6144K), 6 survivors (6144K)
 Metaspace       used 102271K, committed 104448K, reserved 1179648K
  class space    used 14079K, committed 15168K, reserved 1048576K
}

